<?xml version="1.0" encoding="UTF-8"?>
<!-- Generated by org.testng.reporters.JUnitXMLReporter -->
<testsuite ignored="0" hostname="PF4A59NC" failures="0" tests="5" name="Default test" time="5.377" errors="0" timestamp="2024-10-29T08:18:50 IST">
  <testcase classname="Tests.VidhyaCode" name="verifyForgotYourPasswordLink" time="0.646"/>
  <testcase classname="Tests.VidhyaCode" name="verifyLogoIcon" time="0.123"/>
  <testcase classname="Tests.VidhyaCode" name="enterUsername" time="0.19"/>
  <testcase classname="Tests.VidhyaCode" name="enterPassword" time="0.241"/>
  <testcase classname="Tests.VidhyaCode" name="clickLogin" time="1.115"/>
</testsuite> <!-- Default test -->
