<?xml version="1.0" encoding="UTF-8"?>
<!-- Generated by org.testng.reporters.JUnitXMLReporter -->
<testsuite ignored="0" hostname="PF4A59NC" failures="0" tests="5" name="Default test" time="9.355" errors="0" timestamp="2024-10-28T07:58:26 IST">
  <testcase classname="Tests.TC_3_LoginAndLogoutTest" name="enterUsername" time="0.843"/>
  <testcase classname="Tests.TC_3_LoginAndLogoutTest" name="enterPassword" time="0.188"/>
  <testcase classname="Tests.TC_3_LoginAndLogoutTest" name="clickLogin" time="0.055"/>
  <testcase classname="Tests.TC_3_LoginAndLogoutTest" name="clickUserDropdown" time="2.118"/>
  <testcase classname="Tests.TC_3_LoginAndLogoutTest" name="clickLogoutTab" time="2.638"/>
</testsuite> <!-- Default test -->
