<?xml version="1.0" encoding="UTF-8"?>
<!-- Generated by org.testng.reporters.JUnitXMLReporter -->
<testsuite ignored="0" hostname="PF4A59NC" failures="0" tests="7" name="Test" time="10.76" errors="0" timestamp="2024-10-25T08:14:10 IST">
  <testcase classname="TestNg.TC_1_VerifyOrangeHRMLogin" name="enterUsername" time="0.434"/>
  <testcase classname="TestNg.TC_2_VerifyAdminTab" name="enterUsername" time="0.447"/>
  <testcase classname="TestNg.TC_1_VerifyOrangeHRMLogin" name="enterPassword" time="0.09"/>
  <testcase classname="TestNg.TC_2_VerifyAdminTab" name="enterPassword" time="0.144"/>
  <testcase classname="TestNg.TC_1_VerifyOrangeHRMLogin" name="clickLogin" time="1.125"/>
  <testcase classname="TestNg.TC_2_VerifyAdminTab" name="clickLogin" time="1.184"/>
  <testcase classname="TestNg.TC_2_VerifyAdminTab" name="clickAdmin" time="1.631"/>
</testsuite> <!-- Test -->
