<?xml version="1.0" encoding="UTF-8"?>
<testng-results ignored="0" total="5" passed="5" failed="0" skipped="0">
  <reporter-output>
  </reporter-output>
  <suite started-at="2024-10-29T08:18:45 IST" name="Default suite" finished-at="2024-10-29T08:18:50 IST" duration-ms="5377">
    <groups>
    </groups>
    <test started-at="2024-10-29T08:18:45 IST" name="Default test" finished-at="2024-10-29T08:18:50 IST" duration-ms="5377">
      <class name="Tests.VidhyaCode">
        <test-method is-config="true" signature="launchBrowser()[pri:0, instance:Tests.VidhyaCode@302552ec]" started-at="2024-10-29T08:18:43 IST" name="launchBrowser" finished-at="2024-10-29T08:18:45 IST" duration-ms="1769" status="PASS">
          <reporter-output>
          </reporter-output>
        </test-method> <!-- launchBrowser -->
        <test-method is-config="true" signature="launchURL()[pri:0, instance:Tests.VidhyaCode@302552ec]" started-at="2024-10-29T08:18:45 IST" name="launchURL" finished-at="2024-10-29T08:18:48 IST" duration-ms="2976" status="PASS">
          <reporter-output>
          </reporter-output>
        </test-method> <!-- launchURL -->
        <test-method is-config="true" signature="waiting()[pri:0, instance:Tests.VidhyaCode@302552ec]" started-at="2024-10-29T08:18:48 IST" name="waiting" finished-at="2024-10-29T08:18:48 IST" duration-ms="12" status="PASS">
          <reporter-output>
          </reporter-output>
        </test-method> <!-- waiting -->
        <test-method signature="verifyForgotYourPasswordLink()[pri:-1, instance:Tests.VidhyaCode@302552ec]" started-at="2024-10-29T08:18:48 IST" name="verifyForgotYourPasswordLink" finished-at="2024-10-29T08:18:48 IST" duration-ms="646" status="PASS">
          <reporter-output>
          </reporter-output>
        </test-method> <!-- verifyForgotYourPasswordLink -->
        <test-method is-config="true" signature="waiting1()[pri:0, instance:Tests.VidhyaCode@302552ec]" started-at="2024-10-29T08:18:48 IST" name="waiting1" finished-at="2024-10-29T08:18:48 IST" duration-ms="4" status="PASS">
          <reporter-output>
          </reporter-output>
        </test-method> <!-- waiting1 -->
        <test-method is-config="true" signature="waiting()[pri:0, instance:Tests.VidhyaCode@302552ec]" started-at="2024-10-29T08:18:48 IST" name="waiting" finished-at="2024-10-29T08:18:48 IST" duration-ms="7" status="PASS">
          <reporter-output>
          </reporter-output>
        </test-method> <!-- waiting -->
        <test-method signature="verifyLogoIcon()[pri:0, instance:Tests.VidhyaCode@302552ec]" started-at="2024-10-29T08:18:48 IST" name="verifyLogoIcon" finished-at="2024-10-29T08:18:48 IST" duration-ms="123" status="PASS">
          <reporter-output>
          </reporter-output>
        </test-method> <!-- verifyLogoIcon -->
        <test-method is-config="true" signature="waiting1()[pri:0, instance:Tests.VidhyaCode@302552ec]" started-at="2024-10-29T08:18:48 IST" name="waiting1" finished-at="2024-10-29T08:18:48 IST" duration-ms="4" status="PASS">
          <reporter-output>
          </reporter-output>
        </test-method> <!-- waiting1 -->
        <test-method is-config="true" signature="waiting()[pri:0, instance:Tests.VidhyaCode@302552ec]" started-at="2024-10-29T08:18:48 IST" name="waiting" finished-at="2024-10-29T08:18:48 IST" duration-ms="5" status="PASS">
          <reporter-output>
          </reporter-output>
        </test-method> <!-- waiting -->
        <test-method signature="enterUsername()[pri:1, instance:Tests.VidhyaCode@302552ec]" started-at="2024-10-29T08:18:48 IST" name="enterUsername" finished-at="2024-10-29T08:18:49 IST" duration-ms="190" status="PASS">
          <reporter-output>
          </reporter-output>
        </test-method> <!-- enterUsername -->
        <test-method is-config="true" signature="waiting1()[pri:0, instance:Tests.VidhyaCode@302552ec]" started-at="2024-10-29T08:18:49 IST" name="waiting1" finished-at="2024-10-29T08:18:49 IST" duration-ms="4" status="PASS">
          <reporter-output>
          </reporter-output>
        </test-method> <!-- waiting1 -->
        <test-method is-config="true" signature="waiting()[pri:0, instance:Tests.VidhyaCode@302552ec]" started-at="2024-10-29T08:18:49 IST" name="waiting" finished-at="2024-10-29T08:18:49 IST" duration-ms="5" status="PASS">
          <reporter-output>
          </reporter-output>
        </test-method> <!-- waiting -->
        <test-method signature="enterPassword()[pri:2, instance:Tests.VidhyaCode@302552ec]" started-at="2024-10-29T08:18:49 IST" name="enterPassword" finished-at="2024-10-29T08:18:49 IST" duration-ms="241" status="PASS">
          <reporter-output>
          </reporter-output>
        </test-method> <!-- enterPassword -->
        <test-method is-config="true" signature="waiting1()[pri:0, instance:Tests.VidhyaCode@302552ec]" started-at="2024-10-29T08:18:49 IST" name="waiting1" finished-at="2024-10-29T08:18:49 IST" duration-ms="3" status="PASS">
          <reporter-output>
          </reporter-output>
        </test-method> <!-- waiting1 -->
        <test-method is-config="true" signature="waiting()[pri:0, instance:Tests.VidhyaCode@302552ec]" started-at="2024-10-29T08:18:49 IST" name="waiting" finished-at="2024-10-29T08:18:49 IST" duration-ms="4" status="PASS">
          <reporter-output>
          </reporter-output>
        </test-method> <!-- waiting -->
        <test-method signature="clickLogin()[pri:3, instance:Tests.VidhyaCode@302552ec]" started-at="2024-10-29T08:18:49 IST" name="clickLogin" finished-at="2024-10-29T08:18:50 IST" duration-ms="1115" status="PASS">
          <reporter-output>
          </reporter-output>
        </test-method> <!-- clickLogin -->
        <test-method is-config="true" signature="waiting1()[pri:0, instance:Tests.VidhyaCode@302552ec]" started-at="2024-10-29T08:18:50 IST" name="waiting1" finished-at="2024-10-29T08:18:50 IST" duration-ms="4" status="PASS">
          <reporter-output>
          </reporter-output>
        </test-method> <!-- waiting1 -->
        <test-method is-config="true" signature="closeBrowser()[pri:0, instance:Tests.VidhyaCode@302552ec]" started-at="2024-10-29T08:18:50 IST" name="closeBrowser" finished-at="2024-10-29T08:18:50 IST" duration-ms="350" status="PASS">
          <reporter-output>
          </reporter-output>
        </test-method> <!-- closeBrowser -->
      </class> <!-- Tests.VidhyaCode -->
    </test> <!-- Default test -->
  </suite> <!-- Default suite -->
</testng-results>
